<?xml version="1.0" encoding="UTF-8"?>
<!-- Generated by org.testng.reporters.JUnitXMLReporter -->
<testsuite ignored="0" hostname="vaibhav-Inspiron-1545" failures="0" tests="6" name="Default test" time="5.037" errors="0" timestamp="2021-05-21T20:19:00 IST">
  <testcase classname="test1.ComplexJsonParse" name="verifyCourseSize" time="3.655"/>
  <testcase classname="test1.ComplexJsonParse" name="verifyFirstCourseTitle" time="0.169"/>
  <testcase classname="test1.ComplexJsonParse" name="verifyPurchaseAmount" time="0.061"/>
  <testcase classname="test1.ComplexJsonParse" name="verifyPurchaseAmountwithBooksSelling" time="0.425"/>
  <testcase classname="test1.ComplexJsonParse" name="verifyRPACoursePrice" time="0.245"/>
  <testcase classname="test1.ComplexJsonParse" name="verifyTitlesAndPrices" time="0.327"/>
</testsuite> <!-- Default test -->
